Build started 16.12.2013 00:37:23.
     1>Project "C:\Users\Daniela\Desktop\MPS\vbam-evaluator\Direct_Access_Image_Sample.vcxproj" on node 2 (rebuild target(s)).
     1>_PrepareForClean:
         Deleting file "Debug\Direct_Access_Image_Sample.lastbuildstate".
       InitializeBuildStatus:
         Creating "Debug\Direct_Access_Image_Sample.unsuccessfulbuild" because "AlwaysCreate" was specified.
       ClCompile:
         C:\Program Files (x86)\Microsoft Visual Studio 10.0\VC\bin\CL.exe /c /IC:\Users\Daniela\Desktop\VBAM\tesseract\include /ZI /nologo /W4 /WX- /Od /Oy- /D WIN32 /D _DEBUG /D _CONSOLE /D _UNICODE /D UNICODE /Gm /EHsc /RTC1 /MDd /GS /fp:precise /Zc:wchar_t /Zc:forScope /Yc"StdAfx.h" /Fp"Debug\Direct_Access_Image_Sample.pch" /Fo"Debug\\" /Fd"Debug\vc100.pdb" /Gd /TP /analyze- /errorReport:prompt stdafx.cpp
         stdafx.cpp
         C:\Program Files (x86)\Microsoft Visual Studio 10.0\VC\bin\CL.exe /c /IC:\Users\Daniela\Desktop\VBAM\tesseract\include /ZI /nologo /W4 /WX- /Od /Oy- /D WIN32 /D _DEBUG /D _CONSOLE /D _UNICODE /D UNICODE /Gm /EHsc /RTC1 /MDd /GS /fp:precise /Zc:wchar_t /Zc:forScope /Yu"StdAfx.h" /Fp"Debug\Direct_Access_Image_Sample.pch" /Fo"Debug\\" /Fd"Debug\vc100.pdb" /Gd /TP /analyze- /errorReport:prompt Direct_Access_Image.cpp Direct_Access_Image_Sample.cpp
         Direct_Access_Image_Sample.cpp
     1>c:\users\daniela\desktop\vbam\tesseract\include\tesseract\strngs.h(61): warning C4996: 'strncpy': This function or variable may be unsafe. Consider using strncpy_s instead. To disable deprecation, use _CRT_SECURE_NO_WARNINGS. See online help for details.
                 c:\program files (x86)\microsoft visual studio 10.0\vc\include\string.h(188) : see declaration of 'strncpy'
     1>c:\users\daniela\desktop\vbam\tesseract\include\tesseract\unicharset.h(47): warning C4996: 'strncpy': This function or variable may be unsafe. Consider using strncpy_s instead. To disable deprecation, use _CRT_SECURE_NO_WARNINGS. See online help for details.
                 c:\program files (x86)\microsoft visual studio 10.0\vc\include\string.h(188) : see declaration of 'strncpy'
     1>c:\users\daniela\desktop\vbam\tesseract\include\tesseract\unicharset.h(50): warning C4244: '=' : conversion from 'int' to 'inT16', possible loss of data
     1>c:\users\daniela\desktop\vbam\tesseract\include\tesseract\unicharset.h(51): warning C4244: '=' : conversion from 'int' to 'inT16', possible loss of data
     1>c:\users\daniela\desktop\vbam\tesseract\include\tesseract\unicharset.h(274): warning C4996: 'fopen': This function or variable may be unsafe. Consider using fopen_s instead. To disable deprecation, use _CRT_SECURE_NO_WARNINGS. See online help for details.
                 c:\program files (x86)\microsoft visual studio 10.0\vc\include\stdio.h(234) : see declaration of 'fopen'
     1>c:\users\daniela\desktop\vbam\tesseract\include\tesseract\unicharset.h(299): warning C4996: 'fopen': This function or variable may be unsafe. Consider using fopen_s instead. To disable deprecation, use _CRT_SECURE_NO_WARNINGS. See online help for details.
                 c:\program files (x86)\microsoft visual studio 10.0\vc\include\stdio.h(234) : see declaration of 'fopen'
     1>c:\users\daniela\desktop\vbam\tesseract\include\leptonica\environ.h(277): warning C4005: 'snprintf' : macro redefinition
                 c:\users\daniela\desktop\vbam\tesseract\include\tesseract\platform.h(33) : see previous definition of 'snprintf'
     1>c:\users\daniela\desktop\vbam\tesseract\include\leptonica\pix.h(169): warning C4305: 'initializing' : truncation from 'double' to 'const l_float32'
     1>c:\users\daniela\desktop\vbam\tesseract\include\leptonica\pix.h(171): warning C4305: 'initializing' : truncation from 'double' to 'const l_float32'
     1>c:\program files (x86)\microsoft visual studio 10.0\vc\include\string(757): warning C4995: 'swprintf': name was marked as #pragma deprecated
     1>c:\program files (x86)\microsoft visual studio 10.0\vc\include\string(766): warning C4995: 'swprintf': name was marked as #pragma deprecated
     1>c:\program files (x86)\microsoft visual studio 10.0\vc\include\string(775): warning C4995: 'swprintf': name was marked as #pragma deprecated
     1>c:\program files (x86)\microsoft visual studio 10.0\vc\include\intrin.h(1087): warning C4995: 'wcscat': name was marked as #pragma deprecated
     1>c:\program files (x86)\microsoft visual studio 10.0\vc\include\intrin.h(1089): warning C4995: 'wcscpy': name was marked as #pragma deprecated
     1>c:\users\daniela\desktop\mps\vbam-evaluator\direct_access_image_sample.cpp(68): warning C4996: 'strdup': The POSIX name for this item is deprecated. Instead, use the ISO C++ conformant name: _strdup. See online help for details.
                 c:\program files (x86)\microsoft visual studio 10.0\vc\include\string.h(238) : see declaration of 'strdup'
     1>c:\users\daniela\desktop\mps\vbam-evaluator\direct_access_image_sample.cpp(40): warning C4101: 'filesize' : unreferenced local variable
     1>c:\users\daniela\desktop\mps\vbam-evaluator\direct_access_image_sample.cpp(102): warning C4018: '<' : signed/unsigned mismatch
     1>c:\users\daniela\desktop\mps\vbam-evaluator\direct_access_image_sample.cpp(103): warning C4995: 'strcpy': name was marked as #pragma deprecated
     1>c:\users\daniela\desktop\mps\vbam-evaluator\direct_access_image_sample.cpp(103): warning C4996: 'strcpy': This function or variable may be unsafe. Consider using strcpy_s instead. To disable deprecation, use _CRT_SECURE_NO_WARNINGS. See online help for details.
                 c:\program files (x86)\microsoft visual studio 10.0\vc\include\string.h(105) : see declaration of 'strcpy'
     1>c:\users\daniela\desktop\mps\vbam-evaluator\direct_access_image_sample.cpp(104): warning C4995: 'strcat': name was marked as #pragma deprecated
     1>c:\users\daniela\desktop\mps\vbam-evaluator\direct_access_image_sample.cpp(104): warning C4996: 'strcat': This function or variable may be unsafe. Consider using strcat_s instead. To disable deprecation, use _CRT_SECURE_NO_WARNINGS. See online help for details.
                 c:\program files (x86)\microsoft visual studio 10.0\vc\include\string.h(110) : see declaration of 'strcat'
     1>c:\users\daniela\desktop\mps\vbam-evaluator\direct_access_image_sample.cpp(105): warning C4995: 'strcat': name was marked as #pragma deprecated
     1>c:\users\daniela\desktop\mps\vbam-evaluator\direct_access_image_sample.cpp(105): warning C4996: 'strcat': This function or variable may be unsafe. Consider using strcat_s instead. To disable deprecation, use _CRT_SECURE_NO_WARNINGS. See online help for details.
                 c:\program files (x86)\microsoft visual studio 10.0\vc\include\string.h(110) : see declaration of 'strcat'
     1>c:\users\daniela\desktop\mps\vbam-evaluator\direct_access_image_sample.cpp(107): warning C4995: 'strcpy': name was marked as #pragma deprecated
     1>c:\users\daniela\desktop\mps\vbam-evaluator\direct_access_image_sample.cpp(107): warning C4996: 'strcpy': This function or variable may be unsafe. Consider using strcpy_s instead. To disable deprecation, use _CRT_SECURE_NO_WARNINGS. See online help for details.
                 c:\program files (x86)\microsoft visual studio 10.0\vc\include\string.h(105) : see declaration of 'strcpy'
     1>c:\users\daniela\desktop\mps\vbam-evaluator\direct_access_image_sample.cpp(108): warning C4995: 'strcat': name was marked as #pragma deprecated
     1>c:\users\daniela\desktop\mps\vbam-evaluator\direct_access_image_sample.cpp(108): warning C4996: 'strcat': This function or variable may be unsafe. Consider using strcat_s instead. To disable deprecation, use _CRT_SECURE_NO_WARNINGS. See online help for details.
                 c:\program files (x86)\microsoft visual studio 10.0\vc\include\string.h(110) : see declaration of 'strcat'
     1>c:\users\daniela\desktop\mps\vbam-evaluator\direct_access_image_sample.cpp(110): warning C4995: 'strcpy': name was marked as #pragma deprecated
     1>c:\users\daniela\desktop\mps\vbam-evaluator\direct_access_image_sample.cpp(110): warning C4996: 'strcpy': This function or variable may be unsafe. Consider using strcpy_s instead. To disable deprecation, use _CRT_SECURE_NO_WARNINGS. See online help for details.
                 c:\program files (x86)\microsoft visual studio 10.0\vc\include\string.h(105) : see declaration of 'strcpy'
     1>c:\users\daniela\desktop\mps\vbam-evaluator\direct_access_image_sample.cpp(111): warning C4995: 'strcat': name was marked as #pragma deprecated
     1>c:\users\daniela\desktop\mps\vbam-evaluator\direct_access_image_sample.cpp(111): warning C4996: 'strcat': This function or variable may be unsafe. Consider using strcat_s instead. To disable deprecation, use _CRT_SECURE_NO_WARNINGS. See online help for details.
                 c:\program files (x86)\microsoft visual studio 10.0\vc\include\string.h(110) : see declaration of 'strcat'
     1>c:\users\daniela\desktop\mps\vbam-evaluator\direct_access_image_sample.cpp(112): warning C4995: 'strcat': name was marked as #pragma deprecated
     1>c:\users\daniela\desktop\mps\vbam-evaluator\direct_access_image_sample.cpp(112): warning C4996: 'strcat': This function or variable may be unsafe. Consider using strcat_s instead. To disable deprecation, use _CRT_SECURE_NO_WARNINGS. See online help for details.
                 c:\program files (x86)\microsoft visual studio 10.0\vc\include\string.h(110) : see declaration of 'strcat'
     1>c:\users\daniela\desktop\mps\vbam-evaluator\direct_access_image_sample.cpp(114): warning C4995: 'strcat': name was marked as #pragma deprecated
     1>c:\users\daniela\desktop\mps\vbam-evaluator\direct_access_image_sample.cpp(114): warning C4996: 'strcat': This function or variable may be unsafe. Consider using strcat_s instead. To disable deprecation, use _CRT_SECURE_NO_WARNINGS. See online help for details.
                 c:\program files (x86)\microsoft visual studio 10.0\vc\include\string.h(110) : see declaration of 'strcat'
     1>c:\users\daniela\desktop\mps\vbam-evaluator\direct_access_image_sample.cpp(115): warning C4995: 'strcat': name was marked as #pragma deprecated
     1>c:\users\daniela\desktop\mps\vbam-evaluator\direct_access_image_sample.cpp(115): warning C4996: 'strcat': This function or variable may be unsafe. Consider using strcat_s instead. To disable deprecation, use _CRT_SECURE_NO_WARNINGS. See online help for details.
                 c:\program files (x86)\microsoft visual studio 10.0\vc\include\string.h(110) : see declaration of 'strcat'
     1>c:\users\daniela\desktop\mps\vbam-evaluator\direct_access_image_sample.cpp(117): warning C4995: 'strcpy': name was marked as #pragma deprecated
     1>c:\users\daniela\desktop\mps\vbam-evaluator\direct_access_image_sample.cpp(117): warning C4996: 'strcpy': This function or variable may be unsafe. Consider using strcpy_s instead. To disable deprecation, use _CRT_SECURE_NO_WARNINGS. See online help for details.
                 c:\program files (x86)\microsoft visual studio 10.0\vc\include\string.h(105) : see declaration of 'strcpy'
     1>c:\users\daniela\desktop\mps\vbam-evaluator\direct_access_image_sample.cpp(118): warning C4995: 'strcat': name was marked as #pragma deprecated
     1>c:\users\daniela\desktop\mps\vbam-evaluator\direct_access_image_sample.cpp(118): warning C4996: 'strcat': This function or variable may be unsafe. Consider using strcat_s instead. To disable deprecation, use _CRT_SECURE_NO_WARNINGS. See online help for details.
                 c:\program files (x86)\microsoft visual studio 10.0\vc\include\string.h(110) : see declaration of 'strcat'
     1>c:\users\daniela\desktop\mps\vbam-evaluator\direct_access_image_sample.cpp(119): warning C4995: 'sprintf': name was marked as #pragma deprecated
     1>c:\users\daniela\desktop\mps\vbam-evaluator\direct_access_image_sample.cpp(119): warning C4996: 'sprintf': This function or variable may be unsafe. Consider using sprintf_s instead. To disable deprecation, use _CRT_SECURE_NO_WARNINGS. See online help for details.
                 c:\program files (x86)\microsoft visual studio 10.0\vc\include\stdio.h(371) : see declaration of 'sprintf'
     1>c:\users\daniela\desktop\mps\vbam-evaluator\direct_access_image_sample.cpp(120): warning C4995: 'strcat': name was marked as #pragma deprecated
     1>c:\users\daniela\desktop\mps\vbam-evaluator\direct_access_image_sample.cpp(120): warning C4996: 'strcat': This function or variable may be unsafe. Consider using strcat_s instead. To disable deprecation, use _CRT_SECURE_NO_WARNINGS. See online help for details.
                 c:\program files (x86)\microsoft visual studio 10.0\vc\include\string.h(110) : see declaration of 'strcat'
     1>c:\users\daniela\desktop\mps\vbam-evaluator\direct_access_image_sample.cpp(122): warning C4995: 'strcat': name was marked as #pragma deprecated
     1>c:\users\daniela\desktop\mps\vbam-evaluator\direct_access_image_sample.cpp(122): warning C4996: 'strcat': This function or variable may be unsafe. Consider using strcat_s instead. To disable deprecation, use _CRT_SECURE_NO_WARNINGS. See online help for details.
                 c:\program files (x86)\microsoft visual studio 10.0\vc\include\string.h(110) : see declaration of 'strcat'
     1>c:\users\daniela\desktop\mps\vbam-evaluator\direct_access_image_sample.cpp(123): warning C4995: 'strcat': name was marked as #pragma deprecated
     1>c:\users\daniela\desktop\mps\vbam-evaluator\direct_access_image_sample.cpp(123): warning C4996: 'strcat': This function or variable may be unsafe. Consider using strcat_s instead. To disable deprecation, use _CRT_SECURE_NO_WARNINGS. See online help for details.
                 c:\program files (x86)\microsoft visual studio 10.0\vc\include\string.h(110) : see declaration of 'strcat'
     1>c:\users\daniela\desktop\mps\vbam-evaluator\direct_access_image_sample.cpp(125): warning C4995: 'strcpy': name was marked as #pragma deprecated
     1>c:\users\daniela\desktop\mps\vbam-evaluator\direct_access_image_sample.cpp(125): warning C4996: 'strcpy': This function or variable may be unsafe. Consider using strcpy_s instead. To disable deprecation, use _CRT_SECURE_NO_WARNINGS. See online help for details.
                 c:\program files (x86)\microsoft visual studio 10.0\vc\include\string.h(105) : see declaration of 'strcpy'
     1>c:\users\daniela\desktop\mps\vbam-evaluator\direct_access_image_sample.cpp(126): warning C4995: 'strcat': name was marked as #pragma deprecated
     1>c:\users\daniela\desktop\mps\vbam-evaluator\direct_access_image_sample.cpp(126): warning C4996: 'strcat': This function or variable may be unsafe. Consider using strcat_s instead. To disable deprecation, use _CRT_SECURE_NO_WARNINGS. See online help for details.
                 c:\program files (x86)\microsoft visual studio 10.0\vc\include\string.h(110) : see declaration of 'strcat'
     1>c:\users\daniela\desktop\mps\vbam-evaluator\direct_access_image_sample.cpp(127): warning C4995: 'sprintf': name was marked as #pragma deprecated
     1>c:\users\daniela\desktop\mps\vbam-evaluator\direct_access_image_sample.cpp(127): warning C4996: 'sprintf': This function or variable may be unsafe. Consider using sprintf_s instead. To disable deprecation, use _CRT_SECURE_NO_WARNINGS. See online help for details.
                 c:\program files (x86)\microsoft visual studio 10.0\vc\include\stdio.h(371) : see declaration of 'sprintf'
     1>c:\users\daniela\desktop\mps\vbam-evaluator\direct_access_image_sample.cpp(128): warning C4995: 'strcat': name was marked as #pragma deprecated
     1>c:\users\daniela\desktop\mps\vbam-evaluator\direct_access_image_sample.cpp(128): warning C4996: 'strcat': This function or variable may be unsafe. Consider using strcat_s instead. To disable deprecation, use _CRT_SECURE_NO_WARNINGS. See online help for details.
                 c:\program files (x86)\microsoft visual studio 10.0\vc\include\string.h(110) : see declaration of 'strcat'
     1>c:\users\daniela\desktop\mps\vbam-evaluator\direct_access_image_sample.cpp(130): warning C4995: 'strcat': name was marked as #pragma deprecated
     1>c:\users\daniela\desktop\mps\vbam-evaluator\direct_access_image_sample.cpp(130): warning C4996: 'strcat': This function or variable may be unsafe. Consider using strcat_s instead. To disable deprecation, use _CRT_SECURE_NO_WARNINGS. See online help for details.
                 c:\program files (x86)\microsoft visual studio 10.0\vc\include\string.h(110) : see declaration of 'strcat'
     1>c:\users\daniela\desktop\mps\vbam-evaluator\direct_access_image_sample.cpp(175): warning C4101: 'i' : unreferenced local variable
     1>c:\users\daniela\desktop\mps\vbam-evaluator\direct_access_image_sample.cpp(174): warning C4189: 'api' : local variable is initialized but not referenced
         Direct_Access_Image.cpp
         Generating Code...
       ManifestResourceCompile:
         C:\Program Files (x86)\Microsoft SDKs\Windows\v7.0A\bin\rc.exe /nologo /fo"Debug\Direct_Access_Image_Sample.exe.embed.manifest.res" Debug\Direct_Access_Image_Sample_manifest.rc 
       Link:
         C:\Program Files (x86)\Microsoft Visual Studio 10.0\VC\bin\link.exe /ERRORREPORT:PROMPT /OUT:"C:\Users\Daniela\Desktop\MPS\vbam-evaluator\Debug\Direct_Access_Image_Sample.exe" /INCREMENTAL /NOLOGO /LIBPATH:C:\Users\Daniela\Desktop\VBAM\tesseract\lib /ALLOWBIND:NO liblept168.lib libtesseract302.lib kernel32.lib user32.lib gdi32.lib winspool.lib comdlg32.lib advapi32.lib shell32.lib ole32.lib oleaut32.lib uuid.lib odbc32.lib odbccp32.lib Delayimp.lib /DELAYLOAD:libtesseract302.dll /MANIFEST /ManifestFile:"Debug\Direct_Access_Image_Sample.exe.intermediate.manifest" /MANIFESTUAC:"level='asInvoker' uiAccess='false'" /DEBUG /PDB:"C:\Users\Daniela\Desktop\MPS\vbam-evaluator\Debug\Direct_Access_Image_Sample.pdb" /SUBSYSTEM:CONSOLE /TLBID:1 /DYNAMICBASE /NXCOMPAT /IMPLIB:"C:\Users\Daniela\Desktop\MPS\vbam-evaluator\Debug\Direct_Access_Image_Sample.lib" /MACHINE:X86 Debug\Direct_Access_Image_Sample.exe.embed.manifest.res
         Debug\Direct_Access_Image.obj
         Debug\Direct_Access_Image_Sample.obj
         Debug\stdafx.obj
       Manifest:
         Deleting file "Debug\Direct_Access_Image_Sample.exe.embed.manifest".
         C:\Program Files (x86)\Microsoft SDKs\Windows\v7.0A\bin\mt.exe /nologo /verbose /out:"Debug\Direct_Access_Image_Sample.exe.embed.manifest" /manifest Debug\Direct_Access_Image_Sample.exe.intermediate.manifest
         C:\Program Files (x86)\Microsoft SDKs\Windows\v7.0A\bin\rc.exe /nologo /fo"Debug\Direct_Access_Image_Sample.exe.embed.manifest.res" Debug\Direct_Access_Image_Sample_manifest.rc 
       LinkEmbedManifest:
         C:\Program Files (x86)\Microsoft Visual Studio 10.0\VC\bin\link.exe /ERRORREPORT:PROMPT /OUT:"C:\Users\Daniela\Desktop\MPS\vbam-evaluator\Debug\Direct_Access_Image_Sample.exe" /INCREMENTAL /NOLOGO /LIBPATH:C:\Users\Daniela\Desktop\VBAM\tesseract\lib /ALLOWBIND:NO liblept168.lib libtesseract302.lib kernel32.lib user32.lib gdi32.lib winspool.lib comdlg32.lib advapi32.lib shell32.lib ole32.lib oleaut32.lib uuid.lib odbc32.lib odbccp32.lib Delayimp.lib /DELAYLOAD:libtesseract302.dll /MANIFEST /ManifestFile:"Debug\Direct_Access_Image_Sample.exe.intermediate.manifest" /MANIFESTUAC:"level='asInvoker' uiAccess='false'" /DEBUG /PDB:"C:\Users\Daniela\Desktop\MPS\vbam-evaluator\Debug\Direct_Access_Image_Sample.pdb" /SUBSYSTEM:CONSOLE /TLBID:1 /DYNAMICBASE /NXCOMPAT /IMPLIB:"C:\Users\Daniela\Desktop\MPS\vbam-evaluator\Debug\Direct_Access_Image_Sample.lib" /MACHINE:X86 Debug\Direct_Access_Image_Sample.exe.embed.manifest.res
         Debug\Direct_Access_Image.obj
         Debug\Direct_Access_Image_Sample.obj
         Debug\stdafx.obj
         Direct_Access_Image_Sample.vcxproj -> C:\Users\Daniela\Desktop\MPS\vbam-evaluator\Debug\Direct_Access_Image_Sample.exe
       FinalizeBuildStatus:
         Deleting file "Debug\Direct_Access_Image_Sample.unsuccessfulbuild".
         Touching "Debug\Direct_Access_Image_Sample.lastbuildstate".
     1>Done Building Project "C:\Users\Daniela\Desktop\MPS\vbam-evaluator\Direct_Access_Image_Sample.vcxproj" (rebuild target(s)).

Build succeeded.

Time Elapsed 00:00:02.89
