C:\Users\Daniela\Desktop\bazinga\Debug\cl.command.1.tlog
C:\Users\Daniela\Desktop\bazinga\Debug\CL.read.1.tlog
C:\Users\Daniela\Desktop\bazinga\Debug\CL.write.1.tlog
C:\Users\Daniela\Desktop\bazinga\Debug\Direct_Access_Image.obj
C:\Users\Daniela\Desktop\bazinga\Debug\Direct_Access_Image_Sample.exe
C:\Users\Daniela\Desktop\bazinga\Debug\Direct_Access_Image_Sample.exe.embed.manifest
C:\Users\Daniela\Desktop\bazinga\Debug\Direct_Access_Image_Sample.exe.embed.manifest.res
C:\Users\Daniela\Desktop\bazinga\Debug\Direct_Access_Image_Sample.exe.intermediate.manifest
C:\Users\Daniela\Desktop\bazinga\Debug\Direct_Access_Image_Sample.ilk
C:\Users\Daniela\Desktop\bazinga\Debug\Direct_Access_Image_Sample.obj
C:\Users\Daniela\Desktop\bazinga\Debug\Direct_Access_Image_Sample.pch
C:\Users\Daniela\Desktop\bazinga\Debug\Direct_Access_Image_Sample.pdb
C:\Users\Daniela\Desktop\bazinga\Debug\Direct_Access_Image_Sample.write.1.tlog
C:\Users\Daniela\Desktop\bazinga\Debug\Direct_Access_Image_Sample_manifest.rc
C:\Users\Daniela\Desktop\bazinga\Debug\link.8276.read.1.tlog
C:\Users\Daniela\Desktop\bazinga\Debug\link.8276.write.1.tlog
C:\Users\Daniela\Desktop\bazinga\Debug\link.8276-cvtres.read.1.tlog
C:\Users\Daniela\Desktop\bazinga\Debug\link.8276-cvtres.write.1.tlog
C:\Users\Daniela\Desktop\bazinga\Debug\link.command.1.tlog
C:\Users\Daniela\Desktop\bazinga\Debug\link.read.1.tlog
C:\Users\Daniela\Desktop\bazinga\Debug\link.write.1.tlog
C:\Users\Daniela\Desktop\bazinga\Debug\link-cvtres.read.1.tlog
C:\Users\Daniela\Desktop\bazinga\Debug\link-cvtres.write.1.tlog
C:\Users\Daniela\Desktop\bazinga\Debug\mt.command.1.tlog
C:\Users\Daniela\Desktop\bazinga\Debug\mt.read.1.tlog
C:\Users\Daniela\Desktop\bazinga\Debug\mt.write.1.tlog
C:\Users\Daniela\Desktop\bazinga\Debug\rc.command.1.tlog
C:\Users\Daniela\Desktop\bazinga\Debug\rc.read.1.tlog
C:\Users\Daniela\Desktop\bazinga\Debug\rc.write.1.tlog
C:\Users\Daniela\Desktop\bazinga\Debug\stdafx.obj
C:\Users\Daniela\Desktop\bazinga\Debug\vc100.idb
C:\Users\Daniela\Desktop\bazinga\Debug\vc100.pdb
C:\USERS\DANIELA\DESKTOP\VBAM\DEBUG\DIRECT_ACCESS_IMAGE.OBJ
C:\USERS\DANIELA\DESKTOP\VBAM\DEBUG\DIRECT_ACCESS_IMAGE_SAMPLE.EXE
C:\USERS\DANIELA\DESKTOP\VBAM\DEBUG\DIRECT_ACCESS_IMAGE_SAMPLE.EXE.EMBED.MANIFEST
C:\USERS\DANIELA\DESKTOP\VBAM\DEBUG\DIRECT_ACCESS_IMAGE_SAMPLE.EXE.EMBED.MANIFEST.RES
C:\USERS\DANIELA\DESKTOP\VBAM\DEBUG\DIRECT_ACCESS_IMAGE_SAMPLE.EXE.INTERMEDIATE.MANIFEST
C:\USERS\DANIELA\DESKTOP\VBAM\DEBUG\DIRECT_ACCESS_IMAGE_SAMPLE.ILK
C:\USERS\DANIELA\DESKTOP\VBAM\DEBUG\DIRECT_ACCESS_IMAGE_SAMPLE.OBJ
C:\USERS\DANIELA\DESKTOP\VBAM\DEBUG\DIRECT_ACCESS_IMAGE_SAMPLE.PCH
C:\USERS\DANIELA\DESKTOP\VBAM\DEBUG\DIRECT_ACCESS_IMAGE_SAMPLE.PDB
C:\USERS\DANIELA\DESKTOP\VBAM\DEBUG\STDAFX.OBJ
C:\USERS\DANIELA\DESKTOP\VBAM\DEBUG\VC100.PDB
